<?xml version="1.0" encoding="UTF-8"?>
<testng-results ignored="0" total="3" passed="3" failed="0" skipped="0">
  <reporter-output>
  </reporter-output>
  <suite started-at="2026-06-11T14:35:51 IST" name="CourseraAutomationSuite" finished-at="2026-06-11T14:38:01 IST" duration-ms="129316">
    <groups>
      <group name="cucumber">
        <method signature="AbstractTestNGCucumberTests.runScenario(io.cucumber.testng.PickleWrapper,io.cucumber.testng.FeatureWrapper)[pri:0, instance:com.hackathonproject.runners.TestRunner@13df2a8c]" name="runScenario" class="io.cucumber.testng.AbstractTestNGCucumberTests"/>
      </group> <!-- cucumber -->
    </groups>
    <test started-at="2026-06-11T14:35:51 IST" name="CourseraTests" finished-at="2026-06-11T14:38:01 IST" duration-ms="129316">
      <class name="com.hackathonproject.runners.TestRunner">
        <test-method is-config="true" signature="setUpClass(org.testng.ITestContext)[pri:0, instance:com.hackathonproject.runners.TestRunner@13df2a8c]" started-at="2026-06-11T14:35:51 IST" name="setUpClass" finished-at="2026-06-11T14:35:53 IST" duration-ms="1904" status="PASS">
          <params>
            <param index="0">
              <value>
                <![CDATA[org.testng.TestRunner@59cba5a]]>
              </value>
            </param>
          </params>
          <reporter-output>
          </reporter-output>
        </test-method> <!-- setUpClass -->
        <test-method signature="runScenario(io.cucumber.testng.PickleWrapper,io.cucumber.testng.FeatureWrapper)[pri:0, instance:com.hackathonproject.runners.TestRunner@13df2a8c]" started-at="2026-06-11T14:35:53 IST" name="runScenario" description="Runs Cucumber Scenarios" data-provider="scenarios" finished-at="2026-06-11T14:37:05 IST" duration-ms="71148" status="PASS">
          <params>
            <param index="0">
              <value>
                <![CDATA["Verify email validation error on business contact form"]]>
              </value>
            </param>
            <param index="1">
              <value>
                <![CDATA["Business Contact Form - Invalid Email Validation"]]>
              </value>
            </param>
          </params>
          <reporter-output>
          </reporter-output>
        </test-method> <!-- runScenario -->
        <test-method signature="runScenario(io.cucumber.testng.PickleWrapper,io.cucumber.testng.FeatureWrapper)[pri:0, instance:com.hackathonproject.runners.TestRunner@13df2a8c]" started-at="2026-06-11T14:35:53 IST" name="runScenario" description="Runs Cucumber Scenarios" data-provider="scenarios" finished-at="2026-06-11T14:38:00 IST" duration-ms="126639" status="PASS">
          <params>
            <param index="0">
              <value>
                <![CDATA["Search web development courses for beginners in English and save to Excel"]]>
              </value>
            </param>
            <param index="1">
              <value>
                <![CDATA["Course Search - Web Development Courses"]]>
              </value>
            </param>
          </params>
          <reporter-output>
          </reporter-output>
        </test-method> <!-- runScenario -->
        <test-method signature="runScenario(io.cucumber.testng.PickleWrapper,io.cucumber.testng.FeatureWrapper)[pri:0, instance:com.hackathonproject.runners.TestRunner@13df2a8c]" started-at="2026-06-11T14:35:53 IST" name="runScenario" description="Runs Cucumber Scenarios" data-provider="scenarios" finished-at="2026-06-11T14:37:26 IST" duration-ms="92637" status="PASS">
          <params>
            <param index="0">
              <value>
                <![CDATA["Extract all languages and levels from Language Learning category"]]>
              </value>
            </param>
            <param index="1">
              <value>
                <![CDATA["Language Learning - Extract Languages and Levels"]]>
              </value>
            </param>
          </params>
          <reporter-output>
          </reporter-output>
        </test-method> <!-- runScenario -->
        <test-method is-config="true" signature="tearDownClass()[pri:0, instance:com.hackathonproject.runners.TestRunner@13df2a8c]" started-at="2026-06-11T14:38:00 IST" name="tearDownClass" finished-at="2026-06-11T14:38:01 IST" duration-ms="685" status="PASS">
          <reporter-output>
          </reporter-output>
        </test-method> <!-- tearDownClass -->
      </class> <!-- com.hackathonproject.runners.TestRunner -->
    </test> <!-- CourseraTests -->
  </suite> <!-- CourseraAutomationSuite -->
</testng-results>
