<?xml version="1.0" encoding="UTF-8"?>
<testng-results ignored="0" total="3" passed="3" failed="0" skipped="0">
  <reporter-output>
  </reporter-output>
  <suite started-at="2026-06-11T14:29:05 IST" name="CourseraAutomationSuite" finished-at="2026-06-11T14:31:09 IST" duration-ms="124330">
    <groups>
      <group name="cucumber">
        <method signature="AbstractTestNGCucumberTests.runScenario(io.cucumber.testng.PickleWrapper,io.cucumber.testng.FeatureWrapper)[pri:0, instance:com.hackathonproject.runners.TestRunner@34129c78]" name="runScenario" class="io.cucumber.testng.AbstractTestNGCucumberTests"/>
      </group> <!-- cucumber -->
    </groups>
    <test started-at="2026-06-11T14:29:05 IST" name="CourseraTests" finished-at="2026-06-11T14:31:09 IST" duration-ms="124330">
      <class name="com.hackathonproject.runners.TestRunner">
        <test-method is-config="true" signature="setUpClass(org.testng.ITestContext)[pri:0, instance:com.hackathonproject.runners.TestRunner@34129c78]" started-at="2026-06-11T14:29:05 IST" name="setUpClass" finished-at="2026-06-11T14:29:07 IST" duration-ms="2191" status="PASS">
          <params>
            <param index="0">
              <value>
                <![CDATA[org.testng.TestRunner@7d286fb6]]>
              </value>
            </param>
          </params>
          <reporter-output>
          </reporter-output>
        </test-method> <!-- setUpClass -->
        <test-method signature="runScenario(io.cucumber.testng.PickleWrapper,io.cucumber.testng.FeatureWrapper)[pri:0, instance:com.hackathonproject.runners.TestRunner@34129c78]" started-at="2026-06-11T14:29:07 IST" name="runScenario" description="Runs Cucumber Scenarios" data-provider="scenarios" finished-at="2026-06-11T14:31:08 IST" duration-ms="121272" status="PASS">
          <params>
            <param index="0">
              <value>
                <![CDATA["Search web development courses for beginners in English and save to Excel"]]>
              </value>
            </param>
            <param index="1">
              <value>
                <![CDATA["Course Search - Web Development Courses"]]>
              </value>
            </param>
          </params>
          <reporter-output>
          </reporter-output>
        </test-method> <!-- runScenario -->
        <test-method signature="runScenario(io.cucumber.testng.PickleWrapper,io.cucumber.testng.FeatureWrapper)[pri:0, instance:com.hackathonproject.runners.TestRunner@34129c78]" started-at="2026-06-11T14:29:07 IST" name="runScenario" description="Runs Cucumber Scenarios" data-provider="scenarios" finished-at="2026-06-11T14:30:09 IST" duration-ms="62474" status="PASS">
          <params>
            <param index="0">
              <value>
                <![CDATA["Verify email validation error on business contact form"]]>
              </value>
            </param>
            <param index="1">
              <value>
                <![CDATA["Business Contact Form - Invalid Email Validation"]]>
              </value>
            </param>
          </params>
          <reporter-output>
          </reporter-output>
        </test-method> <!-- runScenario -->
        <test-method signature="runScenario(io.cucumber.testng.PickleWrapper,io.cucumber.testng.FeatureWrapper)[pri:0, instance:com.hackathonproject.runners.TestRunner@34129c78]" started-at="2026-06-11T14:29:07 IST" name="runScenario" description="Runs Cucumber Scenarios" data-provider="scenarios" finished-at="2026-06-11T14:30:41 IST" duration-ms="94549" status="PASS">
          <params>
            <param index="0">
              <value>
                <![CDATA["Extract all languages and levels from Language Learning category"]]>
              </value>
            </param>
            <param index="1">
              <value>
                <![CDATA["Language Learning - Extract Languages and Levels"]]>
              </value>
            </param>
          </params>
          <reporter-output>
          </reporter-output>
        </test-method> <!-- runScenario -->
        <test-method is-config="true" signature="tearDownClass()[pri:0, instance:com.hackathonproject.runners.TestRunner@34129c78]" started-at="2026-06-11T14:31:08 IST" name="tearDownClass" finished-at="2026-06-11T14:31:09 IST" duration-ms="753" status="PASS">
          <reporter-output>
          </reporter-output>
        </test-method> <!-- tearDownClass -->
      </class> <!-- com.hackathonproject.runners.TestRunner -->
    </test> <!-- CourseraTests -->
  </suite> <!-- CourseraAutomationSuite -->
</testng-results>
