<?xml version="1.0" encoding="UTF-8"?>
<!-- Generated by org.testng.reporters.JUnitReportReporter -->
<testsuite hostname="LTIN693545" failures="0" tests="3" name="com.hackathonproject.runners.TestRunner" time="278.295" errors="0" timestamp="2026-06-11T14:31:09 IST" skipped="0">
  <testcase classname="com.hackathonproject.runners.TestRunner" name="runScenario" time="121.272"/>
  <testcase classname="com.hackathonproject.runners.TestRunner" name="runScenario" time="62.474"/>
  <testcase classname="com.hackathonproject.runners.TestRunner" name="runScenario" time="94.549"/>
</testsuite> <!-- com.hackathonproject.runners.TestRunner -->
