<?xml version="1.0" encoding="UTF-8"?>
<!-- Generated by org.testng.reporters.JUnitReportReporter -->
<testsuite hostname="LTIN693545" failures="0" tests="3" name="com.hackathonproject.runners.TestRunner" time="290.424" errors="0" timestamp="2026-06-11T14:38:01 IST" skipped="0">
  <testcase classname="com.hackathonproject.runners.TestRunner" name="runScenario" time="126.639"/>
  <testcase classname="com.hackathonproject.runners.TestRunner" name="runScenario" time="92.637"/>
  <testcase classname="com.hackathonproject.runners.TestRunner" name="runScenario" time="71.148"/>
</testsuite> <!-- com.hackathonproject.runners.TestRunner -->
